<?xml version="1.0" encoding="UTF-8"?>
<testsuite name="TEXT BOX" tests="1" skipped="1" failures="0" errors="0" timestamp="2021-08-01T19:37:58" hostname="DESKTOP-0UQJV79" time="0.16">
  <properties/>
  <testcase name="Full text box" classname="TEXT BOX" time="0.16">
    <skipped/>
  </testcase>
  <system-out><![CDATA[]]></system-out>
  <system-err><![CDATA[[Test worker] INFO net.thucydides.core.steps.ConsoleLoggingListener - TEST PENDING
[Test worker] INFO net.thucydides.core.steps.ConsoleLoggingListener - 
          __  _____ _____ ____ _____   ____  _____ _   _ ____ ___ _   _  ____ 
 _       / / |_   _| ____/ ___|_   _| |  _ \| ____| \ | |  _ \_ _| \ | |/ ___|
(_)____ / /    | | |  _| \___ \ | |   | |_) |  _| |  \| | | | | ||  \| | |  _ 
 |_____/ /     | | | |___ ___) || |   |  __/| |___| |\  | |_| | || |\  | |_| |
(_)   /_/      |_| |_____|____/ |_|   |_|   |_____|_| \_|____/___|_| \_|\____|
                                                                                

TEST PENDING: Full text box
---------------------------------------------------------------------------------
]]></system-err>
</testsuite>
